<?xml version="1.0" encoding="UTF-8"?>
<!-- Generated by org.testng.reporters.JUnitReportReporter -->
<testsuite skipped="0" hostname="DESKTOP-5E5IOAC" name="com.crm.qa.TestCases.LoginPageTest" tests="1" failures="0" timestamp="29 Mar 2022 11:08:33 GMT" time="11.832" errors="0">
  <testcase name="loginPageTitleTest" time="11.832" classname="com.crm.qa.TestCases.LoginPageTest"/>
</testsuite> <!-- com.crm.qa.TestCases.LoginPageTest -->
